2024-06-23T21:31:34.392+0500	INFO	app/main.go:28	Listen: 	{"address": "localhost:9050"}
2024-06-23T21:31:42.194+0500	INFO	app/main.go:39	api gateway service stops
2024-06-23T21:31:42.195+0500	ERROR	app/main.go:30	app run	{"error": "http: Server closed"}
main.main.func1
	/home/bobur/GolandProjects/ResumeGenerator/cmd/app/main.go:30
2024-06-24T09:46:03.465+0500	INFO	app/main.go:28	Listen: 	{"address": "localhost:9050"}
2024-06-24T09:46:39.754+0500	INFO	app/main.go:39	api gateway service stops
2024-06-24T09:46:39.754+0500	ERROR	app/main.go:30	app run	{"error": "http: Server closed"}
main.main.func1
	/home/bobur/GolandProjects/ResumeGenerator/cmd/app/main.go:30
2024-06-24T09:49:21.695+0500	INFO	app/main.go:28	Listen: 	{"address": "localhost:9050"}
2024-06-24T09:57:23.075+0500	INFO	app/main.go:39	api gateway service stops
2024-06-24T09:57:23.076+0500	ERROR	app/main.go:30	app run	{"error": "http: Server closed"}
main.main.func1
	/home/bobur/GolandProjects/ResumeGenerator/cmd/app/main.go:30
2024-06-24T09:57:25.224+0500	INFO	app/main.go:28	Listen: 	{"address": "localhost:9050"}
2024-06-24T09:57:43.128+0500	INFO	app/main.go:28	Listen: 	{"address": "localhost:9050"}
2024-06-24T09:58:14.084+0500	INFO	app/main.go:28	Listen: 	{"address": "localhost:9050"}
2024-06-24T09:58:20.363+0500	INFO	app/main.go:39	api gateway service stops
2024-06-24T09:58:20.364+0500	ERROR	app/main.go:30	app run	{"error": "http: Server closed"}
main.main.func1
	/home/bobur/GolandProjects/ResumeGenerator/cmd/app/main.go:30
2024-06-24T09:59:13.494+0500	INFO	app/main.go:28	Listen: 	{"address": "localhost:9050"}
2024-06-24T09:59:29.444+0500	INFO	app/main.go:28	Listen: 	{"address": "localhost:9050"}
2024-06-24T10:00:58.420+0500	INFO	app/main.go:28	Listen: 	{"address": "localhost:9050"}
2024-06-24T10:04:40.304+0500	INFO	app/main.go:28	Listen: 	{"address": "localhost:9050"}
2024-06-24T10:11:44.709+0500	INFO	app/main.go:28	Listen: 	{"address": "localhost:9050"}
2024-06-24T10:11:56.720+0500	ERROR	v1/auth.go:73	failed to check email uniques
resume-generator/api/handlers/v1.(*HandlerV1).Register
	/home/bobur/GolandProjects/ResumeGenerator/api/handlers/v1/auth.go:73
github.com/gin-gonic/gin.(*Context).Next
	/home/bobur/go/pkg/mod/github.com/gin-gonic/gin@v1.10.0/context.go:185
github.com/gin-gonic/gin.CustomRecoveryWithWriter.func1
	/home/bobur/go/pkg/mod/github.com/gin-gonic/gin@v1.10.0/recovery.go:102
github.com/gin-gonic/gin.(*Context).Next
	/home/bobur/go/pkg/mod/github.com/gin-gonic/gin@v1.10.0/context.go:185
github.com/gin-gonic/gin.LoggerWithConfig.func1
	/home/bobur/go/pkg/mod/github.com/gin-gonic/gin@v1.10.0/logger.go:249
github.com/gin-gonic/gin.(*Context).Next
	/home/bobur/go/pkg/mod/github.com/gin-gonic/gin@v1.10.0/context.go:185
github.com/gin-gonic/gin.(*Engine).handleHTTPRequest
	/home/bobur/go/pkg/mod/github.com/gin-gonic/gin@v1.10.0/gin.go:633
github.com/gin-gonic/gin.(*Engine).ServeHTTP
	/home/bobur/go/pkg/mod/github.com/gin-gonic/gin@v1.10.0/gin.go:589
net/http.serverHandler.ServeHTTP
	/home/bobur/go/pkg/mod/golang.org/toolchain@v0.0.1-go1.22.3.linux-amd64/src/net/http/server.go:3137
net/http.(*conn).serve
	/home/bobur/go/pkg/mod/golang.org/toolchain@v0.0.1-go1.22.3.linux-amd64/src/net/http/server.go:2039
2024-06-24T10:12:44.803+0500	INFO	app/main.go:39	api gateway service stops
2024-06-24T10:12:44.804+0500	ERROR	app/main.go:30	app run	{"error": "http: Server closed"}
main.main.func1
	/home/bobur/GolandProjects/ResumeGenerator/cmd/app/main.go:30
2024-06-24T10:19:13.832+0500	INFO	app/main.go:28	Listen: 	{"address": "localhost:9050"}
2024-06-24T10:19:21.861+0500	INFO	app/main.go:39	api gateway service stops
2024-06-24T10:19:21.862+0500	ERROR	app/main.go:30	app run	{"error": "http: Server closed"}
main.main.func1
	/home/bobur/GolandProjects/ResumeGenerator/cmd/app/main.go:30
2024-06-24T10:29:44.307+0500	INFO	app/main.go:28	Listen: 	{"address": "localhost:9050"}
2024-06-24T10:31:41.786+0500	INFO	app/main.go:39	api gateway service stops
2024-06-24T10:31:41.786+0500	ERROR	app/main.go:30	app run	{"error": "http: Server closed"}
main.main.func1
	/home/bobur/GolandProjects/ResumeGenerator/cmd/app/main.go:30
2024-06-24T10:31:43.660+0500	INFO	app/main.go:28	Listen: 	{"address": "localhost:9050"}
2024-06-24T10:32:02.229+0500	INFO	app/main.go:39	api gateway service stops
2024-06-24T10:32:02.229+0500	ERROR	app/main.go:30	app run	{"error": "http: Server closed"}
main.main.func1
	/home/bobur/GolandProjects/ResumeGenerator/cmd/app/main.go:30
2024-06-24T10:32:04.223+0500	INFO	app/main.go:28	Listen: 	{"address": "localhost:9050"}
2024-06-24T10:32:17.327+0500	INFO	app/main.go:39	api gateway service stops
2024-06-24T10:32:17.328+0500	ERROR	app/main.go:30	app run	{"error": "http: Server closed"}
main.main.func1
	/home/bobur/GolandProjects/ResumeGenerator/cmd/app/main.go:30
2024-06-24T10:33:03.365+0500	INFO	app/main.go:28	Listen: 	{"address": "localhost:9050"}
2024-06-24T10:34:10.429+0500	INFO	app/main.go:39	api gateway service stops
2024-06-24T10:34:10.429+0500	ERROR	app/main.go:30	app run	{"error": "http: Server closed"}
main.main.func1
	/home/bobur/GolandProjects/ResumeGenerator/cmd/app/main.go:30
2024-06-24T10:34:13.852+0500	INFO	app/main.go:28	Listen: 	{"address": "localhost:9050"}
2024-06-24T10:34:37.271+0500	INFO	app/main.go:39	api gateway service stops
2024-06-24T10:34:37.271+0500	ERROR	app/main.go:30	app run	{"error": "http: Server closed"}
main.main.func1
	/home/bobur/GolandProjects/ResumeGenerator/cmd/app/main.go:30
2024-06-24T10:34:38.163+0500	INFO	app/main.go:28	Listen: 	{"address": "localhost:9050"}
2024-06-24T10:35:05.001+0500	INFO	app/main.go:39	api gateway service stops
2024-06-24T10:35:05.002+0500	ERROR	app/main.go:30	app run	{"error": "http: Server closed"}
main.main.func1
	/home/bobur/GolandProjects/ResumeGenerator/cmd/app/main.go:30
2024-06-24T10:35:06.916+0500	INFO	app/main.go:28	Listen: 	{"address": "localhost:9050"}
2024-06-24T10:35:15.782+0500	INFO	app/main.go:39	api gateway service stops
2024-06-24T10:35:15.783+0500	ERROR	app/main.go:30	app run	{"error": "http: Server closed"}
main.main.func1
	/home/bobur/GolandProjects/ResumeGenerator/cmd/app/main.go:30
2024-06-24T10:36:51.417+0500	INFO	app/main.go:28	Listen: 	{"address": "localhost:9050"}
2024-06-24T10:37:26.355+0500	INFO	app/main.go:39	api gateway service stops
2024-06-24T10:37:26.355+0500	ERROR	app/main.go:30	app run	{"error": "http: Server closed"}
main.main.func1
	/home/bobur/GolandProjects/ResumeGenerator/cmd/app/main.go:30
2024-06-24T10:37:28.373+0500	INFO	app/main.go:28	Listen: 	{"address": "localhost:9050"}
2024-06-24T10:38:59.823+0500	INFO	app/main.go:39	api gateway service stops
2024-06-24T10:38:59.823+0500	ERROR	app/main.go:30	app run	{"error": "http: Server closed"}
main.main.func1
	/home/bobur/GolandProjects/ResumeGenerator/cmd/app/main.go:30
2024-06-24T10:39:10.173+0500	INFO	app/main.go:28	Listen: 	{"address": "localhost:9050"}
2024-06-24T10:40:40.904+0500	INFO	app/main.go:39	api gateway service stops
2024-06-24T10:40:40.905+0500	ERROR	app/main.go:30	app run	{"error": "http: Server closed"}
main.main.func1
	/home/bobur/GolandProjects/ResumeGenerator/cmd/app/main.go:30
2024-06-24T10:40:49.459+0500	INFO	app/main.go:28	Listen: 	{"address": "localhost:9050"}
2024-06-24T10:42:16.166+0500	INFO	app/main.go:39	api gateway service stops
2024-06-24T10:42:16.166+0500	ERROR	app/main.go:30	app run	{"error": "http: Server closed"}
main.main.func1
	/home/bobur/GolandProjects/ResumeGenerator/cmd/app/main.go:30
2024-06-24T10:42:17.187+0500	INFO	app/main.go:28	Listen: 	{"address": "localhost:9050"}
2024-06-24T20:58:47.267+0500	INFO	app/main.go:28	Listen: 	{"address": "localhost:9050"}
2024-06-24T20:58:47.269+0500	ERROR	app/main.go:30	app run	{"error": "listen tcp: lookup resume-generator on 127.0.0.53:53: server misbehaving"}
main.main.func1
	/home/bobur/GolandProjects/ResumeGenerator/cmd/app/main.go:30
2024-06-24T20:59:05.863+0500	INFO	app/main.go:39	api gateway service stops
2024-06-24T20:59:08.088+0500	INFO	app/main.go:28	Listen: 	{"address": "localhost:9050"}
2024-06-24T20:59:45.335+0500	ERROR	v1/auth.go:115	failed to email errored	{"error": "template: emailotp.html:72:69: executing \"emailotp.html\" at <.FullName>: can't evaluate field FullName in type string"}
resume-generator/api/handlers/v1.(*HandlerV1).Register
	/home/bobur/GolandProjects/ResumeGenerator/api/handlers/v1/auth.go:115
github.com/gin-gonic/gin.(*Context).Next
	/home/bobur/GolandProjects/ResumeGenerator/vendor/github.com/gin-gonic/gin/context.go:185
resume-generator/api.NewRoute.NewAuthorizer.func1
	/home/bobur/GolandProjects/ResumeGenerator/api/middleware/casbin/casbin.go:24
github.com/gin-gonic/gin.(*Context).Next
	/home/bobur/GolandProjects/ResumeGenerator/vendor/github.com/gin-gonic/gin/context.go:185
github.com/gin-gonic/gin.CustomRecoveryWithWriter.func1
	/home/bobur/GolandProjects/ResumeGenerator/vendor/github.com/gin-gonic/gin/recovery.go:102
github.com/gin-gonic/gin.(*Context).Next
	/home/bobur/GolandProjects/ResumeGenerator/vendor/github.com/gin-gonic/gin/context.go:185
github.com/gin-gonic/gin.LoggerWithConfig.func1
	/home/bobur/GolandProjects/ResumeGenerator/vendor/github.com/gin-gonic/gin/logger.go:249
github.com/gin-gonic/gin.(*Context).Next
	/home/bobur/GolandProjects/ResumeGenerator/vendor/github.com/gin-gonic/gin/context.go:185
github.com/gin-gonic/gin.(*Engine).handleHTTPRequest
	/home/bobur/GolandProjects/ResumeGenerator/vendor/github.com/gin-gonic/gin/gin.go:633
github.com/gin-gonic/gin.(*Engine).ServeHTTP
	/home/bobur/GolandProjects/ResumeGenerator/vendor/github.com/gin-gonic/gin/gin.go:589
net/http.serverHandler.ServeHTTP
	/home/bobur/go/pkg/mod/golang.org/toolchain@v0.0.1-go1.22.3.linux-amd64/src/net/http/server.go:3137
net/http.(*conn).serve
	/home/bobur/go/pkg/mod/golang.org/toolchain@v0.0.1-go1.22.3.linux-amd64/src/net/http/server.go:2039
2024-06-24T20:59:54.294+0500	INFO	app/main.go:39	api gateway service stops
2024-06-24T20:59:54.294+0500	ERROR	app/main.go:30	app run	{"error": "http: Server closed"}
main.main.func1
	/home/bobur/GolandProjects/ResumeGenerator/cmd/app/main.go:30
2024-06-25T11:58:53.272+0500	INFO	app/main.go:28	Listen: 	{"address": "localhost:9050"}
2024-06-25T11:59:14.590+0500	INFO	app/main.go:39	api gateway service stops
2024-06-25T11:59:14.590+0500	ERROR	app/main.go:30	app run	{"error": "http: Server closed"}
main.main.func1
	/home/bobur/GolandProjects/ResumeGenerator/cmd/app/main.go:30
2024-06-25T11:59:50.458+0500	INFO	app/main.go:28	Listen: 	{"address": "localhost:9050"}
2024-06-25T12:00:19.689+0500	INFO	app/main.go:39	api gateway service stops
2024-06-25T12:00:19.690+0500	ERROR	app/main.go:30	app run	{"error": "http: Server closed"}
main.main.func1
	/home/bobur/GolandProjects/ResumeGenerator/cmd/app/main.go:30
2024-06-25T12:00:22.421+0500	INFO	app/main.go:28	Listen: 	{"address": "localhost:9050"}
2024-06-25T12:00:59.472+0500	INFO	app/main.go:39	api gateway service stops
2024-06-25T12:00:59.472+0500	ERROR	app/main.go:30	app run	{"error": "http: Server closed"}
main.main.func1
	/home/bobur/GolandProjects/ResumeGenerator/cmd/app/main.go:30
2024-06-25T12:02:32.408+0500	INFO	app/main.go:28	Listen: 	{"address": "localhost:9050"}
2024-06-25T12:03:29.398+0500	INFO	app/main.go:39	api gateway service stops
2024-06-25T12:03:29.398+0500	ERROR	app/main.go:30	app run	{"error": "http: Server closed"}
main.main.func1
	/home/bobur/GolandProjects/ResumeGenerator/cmd/app/main.go:30
2024-06-25T12:03:41.161+0500	INFO	app/main.go:28	Listen: 	{"address": "localhost:9050"}
2024-06-25T12:04:54.398+0500	INFO	app/main.go:39	api gateway service stops
2024-06-25T12:04:54.398+0500	ERROR	app/main.go:30	app run	{"error": "http: Server closed"}
main.main.func1
	/home/bobur/GolandProjects/ResumeGenerator/cmd/app/main.go:30
2024-06-25T12:04:55.777+0500	INFO	app/main.go:28	Listen: 	{"address": "localhost:9050"}
2024-06-25T12:06:06.077+0500	INFO	app/main.go:39	api gateway service stops
2024-06-25T12:06:06.077+0500	ERROR	app/main.go:30	app run	{"error": "http: Server closed"}
main.main.func1
	/home/bobur/GolandProjects/ResumeGenerator/cmd/app/main.go:30
2024-06-25T12:06:07.187+0500	INFO	app/main.go:28	Listen: 	{"address": "localhost:9050"}
2024-06-25T12:34:00.252+0500	INFO	app/main.go:39	api gateway service stops
2024-06-25T13:38:33.267+0500	INFO	app/main.go:28	Listen: 	{"address": "localhost:9050"}
2024-06-25T13:39:39.020+0500	INFO	app/main.go:39	api gateway service stops
2024-06-25T13:39:39.021+0500	ERROR	app/main.go:30	app run	{"error": "http: Server closed"}
main.main.func1
	/home/bobur/GolandProjects/ResumeGenerator/cmd/app/main.go:30
2024-06-25T13:39:47.241+0500	INFO	app/main.go:28	Listen: 	{"address": "localhost:9050"}
2024-06-25T13:40:48.173+0500	INFO	app/main.go:39	api gateway service stops
2024-06-25T13:40:48.174+0500	ERROR	app/main.go:30	app run	{"error": "http: Server closed"}
main.main.func1
	/home/bobur/GolandProjects/ResumeGenerator/cmd/app/main.go:30
2024-06-25T13:42:56.667+0500	INFO	app/main.go:28	Listen: 	{"address": "localhost:9050"}
2024-06-25T13:47:59.569+0500	INFO	app/main.go:39	api gateway service stops
2024-06-25T13:47:59.569+0500	ERROR	app/main.go:30	app run	{"error": "http: Server closed"}
main.main.func1
	/home/bobur/GolandProjects/ResumeGenerator/cmd/app/main.go:30
2024-06-25T13:48:00.550+0500	INFO	app/main.go:28	Listen: 	{"address": "localhost:9050"}
2024-06-25T13:48:26.115+0500	ERROR	v1/user.go:122	Update user error	{"error": "error during sql build, users  update: ERROR: invalid input syntax for type uuid: \"\" (SQLSTATE 22P02)"}
resume-generator/api/handlers/v1.(*HandlerV1).UpdateUser
	/home/bobur/GolandProjects/ResumeGenerator/api/handlers/v1/user.go:122
github.com/gin-gonic/gin.(*Context).Next
	/home/bobur/GolandProjects/ResumeGenerator/vendor/github.com/gin-gonic/gin/context.go:185
resume-generator/api.NewRoute.NewAuthorizer.func1
	/home/bobur/GolandProjects/ResumeGenerator/api/middleware/casbin/casbin.go:52
github.com/gin-gonic/gin.(*Context).Next
	/home/bobur/GolandProjects/ResumeGenerator/vendor/github.com/gin-gonic/gin/context.go:185
github.com/gin-gonic/gin.CustomRecoveryWithWriter.func1
	/home/bobur/GolandProjects/ResumeGenerator/vendor/github.com/gin-gonic/gin/recovery.go:102
github.com/gin-gonic/gin.(*Context).Next
	/home/bobur/GolandProjects/ResumeGenerator/vendor/github.com/gin-gonic/gin/context.go:185
github.com/gin-gonic/gin.LoggerWithConfig.func1
	/home/bobur/GolandProjects/ResumeGenerator/vendor/github.com/gin-gonic/gin/logger.go:249
github.com/gin-gonic/gin.(*Context).Next
	/home/bobur/GolandProjects/ResumeGenerator/vendor/github.com/gin-gonic/gin/context.go:185
github.com/gin-gonic/gin.(*Engine).handleHTTPRequest
	/home/bobur/GolandProjects/ResumeGenerator/vendor/github.com/gin-gonic/gin/gin.go:633
github.com/gin-gonic/gin.(*Engine).ServeHTTP
	/home/bobur/GolandProjects/ResumeGenerator/vendor/github.com/gin-gonic/gin/gin.go:589
net/http.serverHandler.ServeHTTP
	/home/bobur/go/pkg/mod/golang.org/toolchain@v0.0.1-go1.22.3.linux-amd64/src/net/http/server.go:3137
net/http.(*conn).serve
	/home/bobur/go/pkg/mod/golang.org/toolchain@v0.0.1-go1.22.3.linux-amd64/src/net/http/server.go:2039
2024-06-25T13:58:14.130+0500	INFO	app/main.go:39	api gateway service stops
2024-06-25T13:58:14.131+0500	ERROR	app/main.go:30	app run	{"error": "http: Server closed"}
main.main.func1
	/home/bobur/GolandProjects/ResumeGenerator/cmd/app/main.go:30
2024-06-25T20:53:47.802+0500	INFO	app/main.go:28	Listen: 	{"address": "localhost:9050"}
2024-06-25T20:54:54.177+0500	ERROR	v1/user.go:122	Update user error	{"error": "error during sql build, users  update: ERROR: invalid input syntax for type uuid: \"\" (SQLSTATE 22P02)"}
resume-generator/api/handlers/v1.(*HandlerV1).UpdateUser
	/home/bobur/GolandProjects/ResumeGenerator/api/handlers/v1/user.go:122
github.com/gin-gonic/gin.(*Context).Next
	/home/bobur/GolandProjects/ResumeGenerator/vendor/github.com/gin-gonic/gin/context.go:185
resume-generator/api.NewRoute.NewAuthorizer.func1
	/home/bobur/GolandProjects/ResumeGenerator/api/middleware/casbin/casbin.go:52
github.com/gin-gonic/gin.(*Context).Next
	/home/bobur/GolandProjects/ResumeGenerator/vendor/github.com/gin-gonic/gin/context.go:185
github.com/gin-gonic/gin.CustomRecoveryWithWriter.func1
	/home/bobur/GolandProjects/ResumeGenerator/vendor/github.com/gin-gonic/gin/recovery.go:102
github.com/gin-gonic/gin.(*Context).Next
	/home/bobur/GolandProjects/ResumeGenerator/vendor/github.com/gin-gonic/gin/context.go:185
github.com/gin-gonic/gin.LoggerWithConfig.func1
	/home/bobur/GolandProjects/ResumeGenerator/vendor/github.com/gin-gonic/gin/logger.go:249
github.com/gin-gonic/gin.(*Context).Next
	/home/bobur/GolandProjects/ResumeGenerator/vendor/github.com/gin-gonic/gin/context.go:185
github.com/gin-gonic/gin.(*Engine).handleHTTPRequest
	/home/bobur/GolandProjects/ResumeGenerator/vendor/github.com/gin-gonic/gin/gin.go:633
github.com/gin-gonic/gin.(*Engine).ServeHTTP
	/home/bobur/GolandProjects/ResumeGenerator/vendor/github.com/gin-gonic/gin/gin.go:589
net/http.serverHandler.ServeHTTP
	/home/bobur/go/pkg/mod/golang.org/toolchain@v0.0.1-go1.22.3.linux-amd64/src/net/http/server.go:3137
net/http.(*conn).serve
	/home/bobur/go/pkg/mod/golang.org/toolchain@v0.0.1-go1.22.3.linux-amd64/src/net/http/server.go:2039
2024-06-25T20:56:13.498+0500	INFO	app/main.go:39	api gateway service stops
2024-06-25T20:56:13.499+0500	ERROR	app/main.go:30	app run	{"error": "http: Server closed"}
main.main.func1
	/home/bobur/GolandProjects/ResumeGenerator/cmd/app/main.go:30
2024-06-25T20:56:17.111+0500	INFO	app/main.go:28	Listen: 	{"address": "localhost:9050"}
2024-06-25T20:56:17.182+0500	ERROR	v1/user.go:122	Update user error	{"error": "error during sql build, users  update: ERROR: invalid input syntax for type uuid: \"\" (SQLSTATE 22P02)"}
resume-generator/api/handlers/v1.(*HandlerV1).UpdateUser
	/home/bobur/GolandProjects/ResumeGenerator/api/handlers/v1/user.go:122
github.com/gin-gonic/gin.(*Context).Next
	/home/bobur/GolandProjects/ResumeGenerator/vendor/github.com/gin-gonic/gin/context.go:185
resume-generator/api.NewRoute.NewAuthorizer.func1
	/home/bobur/GolandProjects/ResumeGenerator/api/middleware/casbin/casbin.go:52
github.com/gin-gonic/gin.(*Context).Next
	/home/bobur/GolandProjects/ResumeGenerator/vendor/github.com/gin-gonic/gin/context.go:185
github.com/gin-gonic/gin.CustomRecoveryWithWriter.func1
	/home/bobur/GolandProjects/ResumeGenerator/vendor/github.com/gin-gonic/gin/recovery.go:102
github.com/gin-gonic/gin.(*Context).Next
	/home/bobur/GolandProjects/ResumeGenerator/vendor/github.com/gin-gonic/gin/context.go:185
github.com/gin-gonic/gin.LoggerWithConfig.func1
	/home/bobur/GolandProjects/ResumeGenerator/vendor/github.com/gin-gonic/gin/logger.go:249
github.com/gin-gonic/gin.(*Context).Next
	/home/bobur/GolandProjects/ResumeGenerator/vendor/github.com/gin-gonic/gin/context.go:185
github.com/gin-gonic/gin.(*Engine).handleHTTPRequest
	/home/bobur/GolandProjects/ResumeGenerator/vendor/github.com/gin-gonic/gin/gin.go:633
github.com/gin-gonic/gin.(*Engine).ServeHTTP
	/home/bobur/GolandProjects/ResumeGenerator/vendor/github.com/gin-gonic/gin/gin.go:589
net/http.serverHandler.ServeHTTP
	/home/bobur/go/pkg/mod/golang.org/toolchain@v0.0.1-go1.22.3.linux-amd64/src/net/http/server.go:3137
net/http.(*conn).serve
	/home/bobur/go/pkg/mod/golang.org/toolchain@v0.0.1-go1.22.3.linux-amd64/src/net/http/server.go:2039
2024-06-25T20:56:43.755+0500	INFO	app/main.go:39	api gateway service stops
2024-06-25T20:56:43.756+0500	ERROR	app/main.go:30	app run	{"error": "http: Server closed"}
main.main.func1
	/home/bobur/GolandProjects/ResumeGenerator/cmd/app/main.go:30
2024-06-25T20:56:47.201+0500	INFO	app/main.go:28	Listen: 	{"address": "localhost:9050"}
2024-06-25T20:56:50.228+0500	ERROR	v1/user.go:122	Update user error	{"error": "error during sql build, users  update: ERROR: invalid input syntax for type uuid: \"\" (SQLSTATE 22P02)"}
resume-generator/api/handlers/v1.(*HandlerV1).UpdateUser
	/home/bobur/GolandProjects/ResumeGenerator/api/handlers/v1/user.go:122
github.com/gin-gonic/gin.(*Context).Next
	/home/bobur/GolandProjects/ResumeGenerator/vendor/github.com/gin-gonic/gin/context.go:185
resume-generator/api.NewRoute.NewAuthorizer.func1
	/home/bobur/GolandProjects/ResumeGenerator/api/middleware/casbin/casbin.go:52
github.com/gin-gonic/gin.(*Context).Next
	/home/bobur/GolandProjects/ResumeGenerator/vendor/github.com/gin-gonic/gin/context.go:185
github.com/gin-gonic/gin.CustomRecoveryWithWriter.func1
	/home/bobur/GolandProjects/ResumeGenerator/vendor/github.com/gin-gonic/gin/recovery.go:102
github.com/gin-gonic/gin.(*Context).Next
	/home/bobur/GolandProjects/ResumeGenerator/vendor/github.com/gin-gonic/gin/context.go:185
github.com/gin-gonic/gin.LoggerWithConfig.func1
	/home/bobur/GolandProjects/ResumeGenerator/vendor/github.com/gin-gonic/gin/logger.go:249
github.com/gin-gonic/gin.(*Context).Next
	/home/bobur/GolandProjects/ResumeGenerator/vendor/github.com/gin-gonic/gin/context.go:185
github.com/gin-gonic/gin.(*Engine).handleHTTPRequest
	/home/bobur/GolandProjects/ResumeGenerator/vendor/github.com/gin-gonic/gin/gin.go:633
github.com/gin-gonic/gin.(*Engine).ServeHTTP
	/home/bobur/GolandProjects/ResumeGenerator/vendor/github.com/gin-gonic/gin/gin.go:589
net/http.serverHandler.ServeHTTP
	/home/bobur/go/pkg/mod/golang.org/toolchain@v0.0.1-go1.22.3.linux-amd64/src/net/http/server.go:3137
net/http.(*conn).serve
	/home/bobur/go/pkg/mod/golang.org/toolchain@v0.0.1-go1.22.3.linux-amd64/src/net/http/server.go:2039
2024-06-25T20:57:10.991+0500	INFO	app/main.go:39	api gateway service stops
2024-06-25T20:57:10.992+0500	ERROR	app/main.go:30	app run	{"error": "http: Server closed"}
main.main.func1
	/home/bobur/GolandProjects/ResumeGenerator/cmd/app/main.go:30
2024-06-25T20:57:14.185+0500	INFO	app/main.go:28	Listen: 	{"address": "localhost:9050"}
2024-06-25T20:57:14.841+0500	ERROR	v1/user.go:122	Update user error	{"error": "error during sql build, users  update: ERROR: invalid input syntax for type uuid: \"\" (SQLSTATE 22P02)"}
resume-generator/api/handlers/v1.(*HandlerV1).UpdateUser
	/home/bobur/GolandProjects/ResumeGenerator/api/handlers/v1/user.go:122
github.com/gin-gonic/gin.(*Context).Next
	/home/bobur/GolandProjects/ResumeGenerator/vendor/github.com/gin-gonic/gin/context.go:185
resume-generator/api.NewRoute.NewAuthorizer.func1
	/home/bobur/GolandProjects/ResumeGenerator/api/middleware/casbin/casbin.go:52
github.com/gin-gonic/gin.(*Context).Next
	/home/bobur/GolandProjects/ResumeGenerator/vendor/github.com/gin-gonic/gin/context.go:185
github.com/gin-gonic/gin.CustomRecoveryWithWriter.func1
	/home/bobur/GolandProjects/ResumeGenerator/vendor/github.com/gin-gonic/gin/recovery.go:102
github.com/gin-gonic/gin.(*Context).Next
	/home/bobur/GolandProjects/ResumeGenerator/vendor/github.com/gin-gonic/gin/context.go:185
github.com/gin-gonic/gin.LoggerWithConfig.func1
	/home/bobur/GolandProjects/ResumeGenerator/vendor/github.com/gin-gonic/gin/logger.go:249
github.com/gin-gonic/gin.(*Context).Next
	/home/bobur/GolandProjects/ResumeGenerator/vendor/github.com/gin-gonic/gin/context.go:185
github.com/gin-gonic/gin.(*Engine).handleHTTPRequest
	/home/bobur/GolandProjects/ResumeGenerator/vendor/github.com/gin-gonic/gin/gin.go:633
github.com/gin-gonic/gin.(*Engine).ServeHTTP
	/home/bobur/GolandProjects/ResumeGenerator/vendor/github.com/gin-gonic/gin/gin.go:589
net/http.serverHandler.ServeHTTP
	/home/bobur/go/pkg/mod/golang.org/toolchain@v0.0.1-go1.22.3.linux-amd64/src/net/http/server.go:3137
net/http.(*conn).serve
	/home/bobur/go/pkg/mod/golang.org/toolchain@v0.0.1-go1.22.3.linux-amd64/src/net/http/server.go:2039
2024-06-25T20:57:28.555+0500	INFO	app/main.go:39	api gateway service stops
2024-06-25T20:57:28.556+0500	ERROR	app/main.go:30	app run	{"error": "http: Server closed"}
main.main.func1
	/home/bobur/GolandProjects/ResumeGenerator/cmd/app/main.go:30
2024-06-25T20:57:31.644+0500	INFO	app/main.go:28	Listen: 	{"address": "localhost:9050"}
2024-06-25T20:57:32.213+0500	ERROR	v1/user.go:122	Update user error	{"error": "error during sql build, users  update: ERROR: invalid input syntax for type uuid: \"\" (SQLSTATE 22P02)"}
resume-generator/api/handlers/v1.(*HandlerV1).UpdateUser
	/home/bobur/GolandProjects/ResumeGenerator/api/handlers/v1/user.go:122
github.com/gin-gonic/gin.(*Context).Next
	/home/bobur/GolandProjects/ResumeGenerator/vendor/github.com/gin-gonic/gin/context.go:185
resume-generator/api.NewRoute.NewAuthorizer.func1
	/home/bobur/GolandProjects/ResumeGenerator/api/middleware/casbin/casbin.go:52
github.com/gin-gonic/gin.(*Context).Next
	/home/bobur/GolandProjects/ResumeGenerator/vendor/github.com/gin-gonic/gin/context.go:185
github.com/gin-gonic/gin.CustomRecoveryWithWriter.func1
	/home/bobur/GolandProjects/ResumeGenerator/vendor/github.com/gin-gonic/gin/recovery.go:102
github.com/gin-gonic/gin.(*Context).Next
	/home/bobur/GolandProjects/ResumeGenerator/vendor/github.com/gin-gonic/gin/context.go:185
github.com/gin-gonic/gin.LoggerWithConfig.func1
	/home/bobur/GolandProjects/ResumeGenerator/vendor/github.com/gin-gonic/gin/logger.go:249
github.com/gin-gonic/gin.(*Context).Next
	/home/bobur/GolandProjects/ResumeGenerator/vendor/github.com/gin-gonic/gin/context.go:185
github.com/gin-gonic/gin.(*Engine).handleHTTPRequest
	/home/bobur/GolandProjects/ResumeGenerator/vendor/github.com/gin-gonic/gin/gin.go:633
github.com/gin-gonic/gin.(*Engine).ServeHTTP
	/home/bobur/GolandProjects/ResumeGenerator/vendor/github.com/gin-gonic/gin/gin.go:589
net/http.serverHandler.ServeHTTP
	/home/bobur/go/pkg/mod/golang.org/toolchain@v0.0.1-go1.22.3.linux-amd64/src/net/http/server.go:3137
net/http.(*conn).serve
	/home/bobur/go/pkg/mod/golang.org/toolchain@v0.0.1-go1.22.3.linux-amd64/src/net/http/server.go:2039
2024-06-25T20:57:57.607+0500	INFO	app/main.go:39	api gateway service stops
2024-06-25T20:57:57.607+0500	ERROR	app/main.go:30	app run	{"error": "http: Server closed"}
main.main.func1
	/home/bobur/GolandProjects/ResumeGenerator/cmd/app/main.go:30
2024-06-25T20:58:01.212+0500	INFO	app/main.go:28	Listen: 	{"address": "localhost:9050"}
2024-06-25T20:58:03.505+0500	ERROR	v1/user.go:123	Update user error	{"error": "error during sql build, users  update: ERROR: invalid input syntax for type uuid: \"\" (SQLSTATE 22P02)"}
resume-generator/api/handlers/v1.(*HandlerV1).UpdateUser
	/home/bobur/GolandProjects/ResumeGenerator/api/handlers/v1/user.go:123
github.com/gin-gonic/gin.(*Context).Next
	/home/bobur/GolandProjects/ResumeGenerator/vendor/github.com/gin-gonic/gin/context.go:185
resume-generator/api.NewRoute.NewAuthorizer.func1
	/home/bobur/GolandProjects/ResumeGenerator/api/middleware/casbin/casbin.go:52
github.com/gin-gonic/gin.(*Context).Next
	/home/bobur/GolandProjects/ResumeGenerator/vendor/github.com/gin-gonic/gin/context.go:185
github.com/gin-gonic/gin.CustomRecoveryWithWriter.func1
	/home/bobur/GolandProjects/ResumeGenerator/vendor/github.com/gin-gonic/gin/recovery.go:102
github.com/gin-gonic/gin.(*Context).Next
	/home/bobur/GolandProjects/ResumeGenerator/vendor/github.com/gin-gonic/gin/context.go:185
github.com/gin-gonic/gin.LoggerWithConfig.func1
	/home/bobur/GolandProjects/ResumeGenerator/vendor/github.com/gin-gonic/gin/logger.go:249
github.com/gin-gonic/gin.(*Context).Next
	/home/bobur/GolandProjects/ResumeGenerator/vendor/github.com/gin-gonic/gin/context.go:185
github.com/gin-gonic/gin.(*Engine).handleHTTPRequest
	/home/bobur/GolandProjects/ResumeGenerator/vendor/github.com/gin-gonic/gin/gin.go:633
github.com/gin-gonic/gin.(*Engine).ServeHTTP
	/home/bobur/GolandProjects/ResumeGenerator/vendor/github.com/gin-gonic/gin/gin.go:589
net/http.serverHandler.ServeHTTP
	/home/bobur/go/pkg/mod/golang.org/toolchain@v0.0.1-go1.22.3.linux-amd64/src/net/http/server.go:3137
net/http.(*conn).serve
	/home/bobur/go/pkg/mod/golang.org/toolchain@v0.0.1-go1.22.3.linux-amd64/src/net/http/server.go:2039
2024-06-25T20:58:13.788+0500	INFO	app/main.go:39	api gateway service stops
2024-06-25T20:58:13.788+0500	ERROR	app/main.go:30	app run	{"error": "http: Server closed"}
main.main.func1
	/home/bobur/GolandProjects/ResumeGenerator/cmd/app/main.go:30
2024-06-25T20:58:24.581+0500	INFO	app/main.go:28	Listen: 	{"address": "localhost:9050"}
2024-06-25T20:58:26.644+0500	ERROR	v1/user.go:123	Update user error	{"error": "error during sql build, users  update: ERROR: invalid input syntax for type uuid: \"\" (SQLSTATE 22P02)"}
resume-generator/api/handlers/v1.(*HandlerV1).UpdateUser
	/home/bobur/GolandProjects/ResumeGenerator/api/handlers/v1/user.go:123
github.com/gin-gonic/gin.(*Context).Next
	/home/bobur/GolandProjects/ResumeGenerator/vendor/github.com/gin-gonic/gin/context.go:185
resume-generator/api.NewRoute.NewAuthorizer.func1
	/home/bobur/GolandProjects/ResumeGenerator/api/middleware/casbin/casbin.go:52
github.com/gin-gonic/gin.(*Context).Next
	/home/bobur/GolandProjects/ResumeGenerator/vendor/github.com/gin-gonic/gin/context.go:185
github.com/gin-gonic/gin.CustomRecoveryWithWriter.func1
	/home/bobur/GolandProjects/ResumeGenerator/vendor/github.com/gin-gonic/gin/recovery.go:102
github.com/gin-gonic/gin.(*Context).Next
	/home/bobur/GolandProjects/ResumeGenerator/vendor/github.com/gin-gonic/gin/context.go:185
github.com/gin-gonic/gin.LoggerWithConfig.func1
	/home/bobur/GolandProjects/ResumeGenerator/vendor/github.com/gin-gonic/gin/logger.go:249
github.com/gin-gonic/gin.(*Context).Next
	/home/bobur/GolandProjects/ResumeGenerator/vendor/github.com/gin-gonic/gin/context.go:185
github.com/gin-gonic/gin.(*Engine).handleHTTPRequest
	/home/bobur/GolandProjects/ResumeGenerator/vendor/github.com/gin-gonic/gin/gin.go:633
github.com/gin-gonic/gin.(*Engine).ServeHTTP
	/home/bobur/GolandProjects/ResumeGenerator/vendor/github.com/gin-gonic/gin/gin.go:589
net/http.serverHandler.ServeHTTP
	/home/bobur/go/pkg/mod/golang.org/toolchain@v0.0.1-go1.22.3.linux-amd64/src/net/http/server.go:3137
net/http.(*conn).serve
	/home/bobur/go/pkg/mod/golang.org/toolchain@v0.0.1-go1.22.3.linux-amd64/src/net/http/server.go:2039
2024-06-25T20:58:33.837+0500	INFO	app/main.go:39	api gateway service stops
2024-06-25T20:58:33.838+0500	ERROR	app/main.go:30	app run	{"error": "http: Server closed"}
main.main.func1
	/home/bobur/GolandProjects/ResumeGenerator/cmd/app/main.go:30
2024-06-25T20:58:37.555+0500	INFO	app/main.go:28	Listen: 	{"address": "localhost:9050"}
2024-06-25T20:58:38.088+0500	ERROR	v1/user.go:123	Update user error	{"error": "error during sql build, users  update: ERROR: invalid input syntax for type uuid: \"\" (SQLSTATE 22P02)"}
resume-generator/api/handlers/v1.(*HandlerV1).UpdateUser
	/home/bobur/GolandProjects/ResumeGenerator/api/handlers/v1/user.go:123
github.com/gin-gonic/gin.(*Context).Next
	/home/bobur/GolandProjects/ResumeGenerator/vendor/github.com/gin-gonic/gin/context.go:185
resume-generator/api.NewRoute.NewAuthorizer.func1
	/home/bobur/GolandProjects/ResumeGenerator/api/middleware/casbin/casbin.go:52
github.com/gin-gonic/gin.(*Context).Next
	/home/bobur/GolandProjects/ResumeGenerator/vendor/github.com/gin-gonic/gin/context.go:185
github.com/gin-gonic/gin.CustomRecoveryWithWriter.func1
	/home/bobur/GolandProjects/ResumeGenerator/vendor/github.com/gin-gonic/gin/recovery.go:102
github.com/gin-gonic/gin.(*Context).Next
	/home/bobur/GolandProjects/ResumeGenerator/vendor/github.com/gin-gonic/gin/context.go:185
github.com/gin-gonic/gin.LoggerWithConfig.func1
	/home/bobur/GolandProjects/ResumeGenerator/vendor/github.com/gin-gonic/gin/logger.go:249
github.com/gin-gonic/gin.(*Context).Next
	/home/bobur/GolandProjects/ResumeGenerator/vendor/github.com/gin-gonic/gin/context.go:185
github.com/gin-gonic/gin.(*Engine).handleHTTPRequest
	/home/bobur/GolandProjects/ResumeGenerator/vendor/github.com/gin-gonic/gin/gin.go:633
github.com/gin-gonic/gin.(*Engine).ServeHTTP
	/home/bobur/GolandProjects/ResumeGenerator/vendor/github.com/gin-gonic/gin/gin.go:589
net/http.serverHandler.ServeHTTP
	/home/bobur/go/pkg/mod/golang.org/toolchain@v0.0.1-go1.22.3.linux-amd64/src/net/http/server.go:3137
net/http.(*conn).serve
	/home/bobur/go/pkg/mod/golang.org/toolchain@v0.0.1-go1.22.3.linux-amd64/src/net/http/server.go:2039
2024-06-25T20:59:00.684+0500	INFO	app/main.go:39	api gateway service stops
2024-06-25T20:59:00.684+0500	ERROR	app/main.go:30	app run	{"error": "http: Server closed"}
main.main.func1
	/home/bobur/GolandProjects/ResumeGenerator/cmd/app/main.go:30
2024-06-25T20:59:24.098+0500	INFO	app/main.go:28	Listen: 	{"address": "localhost:9050"}
2024-06-25T20:59:26.370+0500	ERROR	v1/user.go:123	Update user error	{"error": "error during sql build, users  update: ERROR: invalid input syntax for type uuid: \"\" (SQLSTATE 22P02)"}
resume-generator/api/handlers/v1.(*HandlerV1).UpdateUser
	/home/bobur/GolandProjects/ResumeGenerator/api/handlers/v1/user.go:123
github.com/gin-gonic/gin.(*Context).Next
	/home/bobur/GolandProjects/ResumeGenerator/vendor/github.com/gin-gonic/gin/context.go:185
resume-generator/api.NewRoute.NewAuthorizer.func1
	/home/bobur/GolandProjects/ResumeGenerator/api/middleware/casbin/casbin.go:52
github.com/gin-gonic/gin.(*Context).Next
	/home/bobur/GolandProjects/ResumeGenerator/vendor/github.com/gin-gonic/gin/context.go:185
github.com/gin-gonic/gin.CustomRecoveryWithWriter.func1
	/home/bobur/GolandProjects/ResumeGenerator/vendor/github.com/gin-gonic/gin/recovery.go:102
github.com/gin-gonic/gin.(*Context).Next
	/home/bobur/GolandProjects/ResumeGenerator/vendor/github.com/gin-gonic/gin/context.go:185
github.com/gin-gonic/gin.LoggerWithConfig.func1
	/home/bobur/GolandProjects/ResumeGenerator/vendor/github.com/gin-gonic/gin/logger.go:249
github.com/gin-gonic/gin.(*Context).Next
	/home/bobur/GolandProjects/ResumeGenerator/vendor/github.com/gin-gonic/gin/context.go:185
github.com/gin-gonic/gin.(*Engine).handleHTTPRequest
	/home/bobur/GolandProjects/ResumeGenerator/vendor/github.com/gin-gonic/gin/gin.go:633
github.com/gin-gonic/gin.(*Engine).ServeHTTP
	/home/bobur/GolandProjects/ResumeGenerator/vendor/github.com/gin-gonic/gin/gin.go:589
net/http.serverHandler.ServeHTTP
	/home/bobur/go/pkg/mod/golang.org/toolchain@v0.0.1-go1.22.3.linux-amd64/src/net/http/server.go:3137
net/http.(*conn).serve
	/home/bobur/go/pkg/mod/golang.org/toolchain@v0.0.1-go1.22.3.linux-amd64/src/net/http/server.go:2039
2024-06-25T21:00:30.254+0500	INFO	app/main.go:39	api gateway service stops
2024-06-25T21:00:30.254+0500	ERROR	app/main.go:30	app run	{"error": "http: Server closed"}
main.main.func1
	/home/bobur/GolandProjects/ResumeGenerator/cmd/app/main.go:30
2024-06-25T21:00:32.495+0500	INFO	app/main.go:28	Listen: 	{"address": "localhost:9050"}
2024-06-25T21:00:34.968+0500	ERROR	v1/user.go:123	Update user error	{"error": "error during sql build, users  update: ERROR: invalid input syntax for type uuid: \"\" (SQLSTATE 22P02)"}
resume-generator/api/handlers/v1.(*HandlerV1).UpdateUser
	/home/bobur/GolandProjects/ResumeGenerator/api/handlers/v1/user.go:123
github.com/gin-gonic/gin.(*Context).Next
	/home/bobur/GolandProjects/ResumeGenerator/vendor/github.com/gin-gonic/gin/context.go:185
resume-generator/api.NewRoute.NewAuthorizer.func1
	/home/bobur/GolandProjects/ResumeGenerator/api/middleware/casbin/casbin.go:52
github.com/gin-gonic/gin.(*Context).Next
	/home/bobur/GolandProjects/ResumeGenerator/vendor/github.com/gin-gonic/gin/context.go:185
github.com/gin-gonic/gin.CustomRecoveryWithWriter.func1
	/home/bobur/GolandProjects/ResumeGenerator/vendor/github.com/gin-gonic/gin/recovery.go:102
github.com/gin-gonic/gin.(*Context).Next
	/home/bobur/GolandProjects/ResumeGenerator/vendor/github.com/gin-gonic/gin/context.go:185
github.com/gin-gonic/gin.LoggerWithConfig.func1
	/home/bobur/GolandProjects/ResumeGenerator/vendor/github.com/gin-gonic/gin/logger.go:249
github.com/gin-gonic/gin.(*Context).Next
	/home/bobur/GolandProjects/ResumeGenerator/vendor/github.com/gin-gonic/gin/context.go:185
github.com/gin-gonic/gin.(*Engine).handleHTTPRequest
	/home/bobur/GolandProjects/ResumeGenerator/vendor/github.com/gin-gonic/gin/gin.go:633
github.com/gin-gonic/gin.(*Engine).ServeHTTP
	/home/bobur/GolandProjects/ResumeGenerator/vendor/github.com/gin-gonic/gin/gin.go:589
net/http.serverHandler.ServeHTTP
	/home/bobur/go/pkg/mod/golang.org/toolchain@v0.0.1-go1.22.3.linux-amd64/src/net/http/server.go:3137
net/http.(*conn).serve
	/home/bobur/go/pkg/mod/golang.org/toolchain@v0.0.1-go1.22.3.linux-amd64/src/net/http/server.go:2039
2024-06-25T21:00:47.656+0500	INFO	app/main.go:39	api gateway service stops
2024-06-25T21:00:47.657+0500	ERROR	app/main.go:30	app run	{"error": "http: Server closed"}
main.main.func1
	/home/bobur/GolandProjects/ResumeGenerator/cmd/app/main.go:30
2024-06-25T21:00:51.479+0500	INFO	app/main.go:28	Listen: 	{"address": "localhost:9050"}
2024-06-25T21:00:53.801+0500	ERROR	v1/user.go:123	Update user error	{"error": "error during sql build, users  update: ERROR: invalid input syntax for type uuid: \"\" (SQLSTATE 22P02)"}
resume-generator/api/handlers/v1.(*HandlerV1).UpdateUser
	/home/bobur/GolandProjects/ResumeGenerator/api/handlers/v1/user.go:123
github.com/gin-gonic/gin.(*Context).Next
	/home/bobur/GolandProjects/ResumeGenerator/vendor/github.com/gin-gonic/gin/context.go:185
resume-generator/api.NewRoute.NewAuthorizer.func1
	/home/bobur/GolandProjects/ResumeGenerator/api/middleware/casbin/casbin.go:52
github.com/gin-gonic/gin.(*Context).Next
	/home/bobur/GolandProjects/ResumeGenerator/vendor/github.com/gin-gonic/gin/context.go:185
github.com/gin-gonic/gin.CustomRecoveryWithWriter.func1
	/home/bobur/GolandProjects/ResumeGenerator/vendor/github.com/gin-gonic/gin/recovery.go:102
github.com/gin-gonic/gin.(*Context).Next
	/home/bobur/GolandProjects/ResumeGenerator/vendor/github.com/gin-gonic/gin/context.go:185
github.com/gin-gonic/gin.LoggerWithConfig.func1
	/home/bobur/GolandProjects/ResumeGenerator/vendor/github.com/gin-gonic/gin/logger.go:249
github.com/gin-gonic/gin.(*Context).Next
	/home/bobur/GolandProjects/ResumeGenerator/vendor/github.com/gin-gonic/gin/context.go:185
github.com/gin-gonic/gin.(*Engine).handleHTTPRequest
	/home/bobur/GolandProjects/ResumeGenerator/vendor/github.com/gin-gonic/gin/gin.go:633
github.com/gin-gonic/gin.(*Engine).ServeHTTP
	/home/bobur/GolandProjects/ResumeGenerator/vendor/github.com/gin-gonic/gin/gin.go:589
net/http.serverHandler.ServeHTTP
	/home/bobur/go/pkg/mod/golang.org/toolchain@v0.0.1-go1.22.3.linux-amd64/src/net/http/server.go:3137
net/http.(*conn).serve
	/home/bobur/go/pkg/mod/golang.org/toolchain@v0.0.1-go1.22.3.linux-amd64/src/net/http/server.go:2039
2024-06-25T21:01:12.774+0500	INFO	app/main.go:39	api gateway service stops
2024-06-25T21:01:12.775+0500	ERROR	app/main.go:30	app run	{"error": "http: Server closed"}
main.main.func1
	/home/bobur/GolandProjects/ResumeGenerator/cmd/app/main.go:30
2024-06-25T21:01:16.665+0500	INFO	app/main.go:28	Listen: 	{"address": "localhost:9050"}
2024-06-25T21:03:10.369+0500	INFO	app/main.go:39	api gateway service stops
2024-06-25T21:03:10.370+0500	ERROR	app/main.go:30	app run	{"error": "http: Server closed"}
main.main.func1
	/home/bobur/GolandProjects/ResumeGenerator/cmd/app/main.go:30
2024-06-25T21:03:57.181+0500	INFO	app/main.go:28	Listen: 	{"address": "localhost:9050"}
2024-06-26T15:06:53.798+0500	INFO	app/main.go:39	api gateway service stops
2024-06-26T15:06:53.801+0500	ERROR	app/main.go:30	app run	{"error": "http: Server closed"}
main.main.func1
	/home/bobur/GolandProjects/ResumeGenerator/cmd/app/main.go:30
2024-06-26T15:25:57.219+0500	INFO	app/main.go:28	Listen: 	{"address": "localhost:9050"}
2024-06-26T15:26:32.288+0500	ERROR	v1/auth.go:278	the user has already been deleted
resume-generator/api/handlers/v1.(*HandlerV1).LogIn
	/home/bobur/GolandProjects/ResumeGenerator/api/handlers/v1/auth.go:278
github.com/gin-gonic/gin.(*Context).Next
	/home/bobur/GolandProjects/ResumeGenerator/vendor/github.com/gin-gonic/gin/context.go:185
resume-generator/api.NewRoute.NewAuthorizer.func1
	/home/bobur/GolandProjects/ResumeGenerator/api/middleware/casbin/casbin.go:23
github.com/gin-gonic/gin.(*Context).Next
	/home/bobur/GolandProjects/ResumeGenerator/vendor/github.com/gin-gonic/gin/context.go:185
github.com/gin-gonic/gin.CustomRecoveryWithWriter.func1
	/home/bobur/GolandProjects/ResumeGenerator/vendor/github.com/gin-gonic/gin/recovery.go:102
github.com/gin-gonic/gin.(*Context).Next
	/home/bobur/GolandProjects/ResumeGenerator/vendor/github.com/gin-gonic/gin/context.go:185
github.com/gin-gonic/gin.LoggerWithConfig.func1
	/home/bobur/GolandProjects/ResumeGenerator/vendor/github.com/gin-gonic/gin/logger.go:249
github.com/gin-gonic/gin.(*Context).Next
	/home/bobur/GolandProjects/ResumeGenerator/vendor/github.com/gin-gonic/gin/context.go:185
github.com/gin-gonic/gin.(*Engine).handleHTTPRequest
	/home/bobur/GolandProjects/ResumeGenerator/vendor/github.com/gin-gonic/gin/gin.go:633
github.com/gin-gonic/gin.(*Engine).ServeHTTP
	/home/bobur/GolandProjects/ResumeGenerator/vendor/github.com/gin-gonic/gin/gin.go:589
net/http.serverHandler.ServeHTTP
	/home/bobur/go/pkg/mod/golang.org/toolchain@v0.0.1-go1.22.3.linux-amd64/src/net/http/server.go:3137
net/http.(*conn).serve
	/home/bobur/go/pkg/mod/golang.org/toolchain@v0.0.1-go1.22.3.linux-amd64/src/net/http/server.go:2039
2024-06-26T15:26:55.128+0500	ERROR	v1/auth.go:278	the user has already been deleted
resume-generator/api/handlers/v1.(*HandlerV1).LogIn
	/home/bobur/GolandProjects/ResumeGenerator/api/handlers/v1/auth.go:278
github.com/gin-gonic/gin.(*Context).Next
	/home/bobur/GolandProjects/ResumeGenerator/vendor/github.com/gin-gonic/gin/context.go:185
resume-generator/api.NewRoute.NewAuthorizer.func1
	/home/bobur/GolandProjects/ResumeGenerator/api/middleware/casbin/casbin.go:23
github.com/gin-gonic/gin.(*Context).Next
	/home/bobur/GolandProjects/ResumeGenerator/vendor/github.com/gin-gonic/gin/context.go:185
github.com/gin-gonic/gin.CustomRecoveryWithWriter.func1
	/home/bobur/GolandProjects/ResumeGenerator/vendor/github.com/gin-gonic/gin/recovery.go:102
github.com/gin-gonic/gin.(*Context).Next
	/home/bobur/GolandProjects/ResumeGenerator/vendor/github.com/gin-gonic/gin/context.go:185
github.com/gin-gonic/gin.LoggerWithConfig.func1
	/home/bobur/GolandProjects/ResumeGenerator/vendor/github.com/gin-gonic/gin/logger.go:249
github.com/gin-gonic/gin.(*Context).Next
	/home/bobur/GolandProjects/ResumeGenerator/vendor/github.com/gin-gonic/gin/context.go:185
github.com/gin-gonic/gin.(*Engine).handleHTTPRequest
	/home/bobur/GolandProjects/ResumeGenerator/vendor/github.com/gin-gonic/gin/gin.go:633
github.com/gin-gonic/gin.(*Engine).ServeHTTP
	/home/bobur/GolandProjects/ResumeGenerator/vendor/github.com/gin-gonic/gin/gin.go:589
net/http.serverHandler.ServeHTTP
	/home/bobur/go/pkg/mod/golang.org/toolchain@v0.0.1-go1.22.3.linux-amd64/src/net/http/server.go:3137
net/http.(*conn).serve
	/home/bobur/go/pkg/mod/golang.org/toolchain@v0.0.1-go1.22.3.linux-amd64/src/net/http/server.go:2039
2024-06-26T15:27:33.522+0500	ERROR	v1/auth.go:278	the user has already been deleted
resume-generator/api/handlers/v1.(*HandlerV1).LogIn
	/home/bobur/GolandProjects/ResumeGenerator/api/handlers/v1/auth.go:278
github.com/gin-gonic/gin.(*Context).Next
	/home/bobur/GolandProjects/ResumeGenerator/vendor/github.com/gin-gonic/gin/context.go:185
resume-generator/api.NewRoute.NewAuthorizer.func1
	/home/bobur/GolandProjects/ResumeGenerator/api/middleware/casbin/casbin.go:23
github.com/gin-gonic/gin.(*Context).Next
	/home/bobur/GolandProjects/ResumeGenerator/vendor/github.com/gin-gonic/gin/context.go:185
github.com/gin-gonic/gin.CustomRecoveryWithWriter.func1
	/home/bobur/GolandProjects/ResumeGenerator/vendor/github.com/gin-gonic/gin/recovery.go:102
github.com/gin-gonic/gin.(*Context).Next
	/home/bobur/GolandProjects/ResumeGenerator/vendor/github.com/gin-gonic/gin/context.go:185
github.com/gin-gonic/gin.LoggerWithConfig.func1
	/home/bobur/GolandProjects/ResumeGenerator/vendor/github.com/gin-gonic/gin/logger.go:249
github.com/gin-gonic/gin.(*Context).Next
	/home/bobur/GolandProjects/ResumeGenerator/vendor/github.com/gin-gonic/gin/context.go:185
github.com/gin-gonic/gin.(*Engine).handleHTTPRequest
	/home/bobur/GolandProjects/ResumeGenerator/vendor/github.com/gin-gonic/gin/gin.go:633
github.com/gin-gonic/gin.(*Engine).ServeHTTP
	/home/bobur/GolandProjects/ResumeGenerator/vendor/github.com/gin-gonic/gin/gin.go:589
net/http.serverHandler.ServeHTTP
	/home/bobur/go/pkg/mod/golang.org/toolchain@v0.0.1-go1.22.3.linux-amd64/src/net/http/server.go:3137
net/http.(*conn).serve
	/home/bobur/go/pkg/mod/golang.org/toolchain@v0.0.1-go1.22.3.linux-amd64/src/net/http/server.go:2039
2024-06-26T15:29:19.159+0500	ERROR	v1/resume.go:37	ShouldBindJSON	{"error": "parsing time \"2020-01-01\" as \"2006-01-02T15:04:05Z07:00\": cannot parse \"\" as \"T\""}
resume-generator/api/handlers/v1.(*HandlerV1).CreateResume
	/home/bobur/GolandProjects/ResumeGenerator/api/handlers/v1/resume.go:37
github.com/gin-gonic/gin.(*Context).Next
	/home/bobur/GolandProjects/ResumeGenerator/vendor/github.com/gin-gonic/gin/context.go:185
resume-generator/api.NewRoute.NewAuthorizer.func1
	/home/bobur/GolandProjects/ResumeGenerator/api/middleware/casbin/casbin.go:52
github.com/gin-gonic/gin.(*Context).Next
	/home/bobur/GolandProjects/ResumeGenerator/vendor/github.com/gin-gonic/gin/context.go:185
github.com/gin-gonic/gin.CustomRecoveryWithWriter.func1
	/home/bobur/GolandProjects/ResumeGenerator/vendor/github.com/gin-gonic/gin/recovery.go:102
github.com/gin-gonic/gin.(*Context).Next
	/home/bobur/GolandProjects/ResumeGenerator/vendor/github.com/gin-gonic/gin/context.go:185
github.com/gin-gonic/gin.LoggerWithConfig.func1
	/home/bobur/GolandProjects/ResumeGenerator/vendor/github.com/gin-gonic/gin/logger.go:249
github.com/gin-gonic/gin.(*Context).Next
	/home/bobur/GolandProjects/ResumeGenerator/vendor/github.com/gin-gonic/gin/context.go:185
github.com/gin-gonic/gin.(*Engine).handleHTTPRequest
	/home/bobur/GolandProjects/ResumeGenerator/vendor/github.com/gin-gonic/gin/gin.go:633
github.com/gin-gonic/gin.(*Engine).ServeHTTP
	/home/bobur/GolandProjects/ResumeGenerator/vendor/github.com/gin-gonic/gin/gin.go:589
net/http.serverHandler.ServeHTTP
	/home/bobur/go/pkg/mod/golang.org/toolchain@v0.0.1-go1.22.3.linux-amd64/src/net/http/server.go:3137
net/http.(*conn).serve
	/home/bobur/go/pkg/mod/golang.org/toolchain@v0.0.1-go1.22.3.linux-amd64/src/net/http/server.go:2039
2024-06-26T15:29:32.053+0500	INFO	app/main.go:39	api gateway service stops
2024-06-26T15:29:32.053+0500	ERROR	app/main.go:30	app run	{"error": "http: Server closed"}
main.main.func1
	/home/bobur/GolandProjects/ResumeGenerator/cmd/app/main.go:30
2024-06-26T15:34:43.681+0500	INFO	app/main.go:28	Listen: 	{"address": "localhost:9050"}
2024-06-26T15:35:22.514+0500	ERROR	v1/resume.go:75	CreateResume	{"error": "error during sql build, resumes  create : ERROR: invalid input syntax for type uuid: \"\" (SQLSTATE 22P02)"}
resume-generator/api/handlers/v1.(*HandlerV1).CreateResume
	/home/bobur/GolandProjects/ResumeGenerator/api/handlers/v1/resume.go:75
github.com/gin-gonic/gin.(*Context).Next
	/home/bobur/GolandProjects/ResumeGenerator/vendor/github.com/gin-gonic/gin/context.go:185
resume-generator/api.NewRoute.NewAuthorizer.func1
	/home/bobur/GolandProjects/ResumeGenerator/api/middleware/casbin/casbin.go:52
github.com/gin-gonic/gin.(*Context).Next
	/home/bobur/GolandProjects/ResumeGenerator/vendor/github.com/gin-gonic/gin/context.go:185
github.com/gin-gonic/gin.CustomRecoveryWithWriter.func1
	/home/bobur/GolandProjects/ResumeGenerator/vendor/github.com/gin-gonic/gin/recovery.go:102
github.com/gin-gonic/gin.(*Context).Next
	/home/bobur/GolandProjects/ResumeGenerator/vendor/github.com/gin-gonic/gin/context.go:185
github.com/gin-gonic/gin.LoggerWithConfig.func1
	/home/bobur/GolandProjects/ResumeGenerator/vendor/github.com/gin-gonic/gin/logger.go:249
github.com/gin-gonic/gin.(*Context).Next
	/home/bobur/GolandProjects/ResumeGenerator/vendor/github.com/gin-gonic/gin/context.go:185
github.com/gin-gonic/gin.(*Engine).handleHTTPRequest
	/home/bobur/GolandProjects/ResumeGenerator/vendor/github.com/gin-gonic/gin/gin.go:633
github.com/gin-gonic/gin.(*Engine).ServeHTTP
	/home/bobur/GolandProjects/ResumeGenerator/vendor/github.com/gin-gonic/gin/gin.go:589
net/http.serverHandler.ServeHTTP
	/home/bobur/go/pkg/mod/golang.org/toolchain@v0.0.1-go1.22.3.linux-amd64/src/net/http/server.go:3137
net/http.(*conn).serve
	/home/bobur/go/pkg/mod/golang.org/toolchain@v0.0.1-go1.22.3.linux-amd64/src/net/http/server.go:2039
2024-06-26T15:35:52.604+0500	INFO	app/main.go:39	api gateway service stops
2024-06-26T15:35:52.604+0500	ERROR	app/main.go:30	app run	{"error": "http: Server closed"}
main.main.func1
	/home/bobur/GolandProjects/ResumeGenerator/cmd/app/main.go:30
2024-06-26T15:35:54.242+0500	INFO	app/main.go:28	Listen: 	{"address": "localhost:9050"}
2024-06-26T15:36:20.369+0500	ERROR	v1/resume.go:76	CreateResume	{"error": "error during sql build, resumes  create : ERROR: new row for relation \"resumes\" violates check constraint \"resumes_work_type_check\" (SQLSTATE 23514)"}
resume-generator/api/handlers/v1.(*HandlerV1).CreateResume
	/home/bobur/GolandProjects/ResumeGenerator/api/handlers/v1/resume.go:76
github.com/gin-gonic/gin.(*Context).Next
	/home/bobur/GolandProjects/ResumeGenerator/vendor/github.com/gin-gonic/gin/context.go:185
resume-generator/api.NewRoute.NewAuthorizer.func1
	/home/bobur/GolandProjects/ResumeGenerator/api/middleware/casbin/casbin.go:52
github.com/gin-gonic/gin.(*Context).Next
	/home/bobur/GolandProjects/ResumeGenerator/vendor/github.com/gin-gonic/gin/context.go:185
github.com/gin-gonic/gin.CustomRecoveryWithWriter.func1
	/home/bobur/GolandProjects/ResumeGenerator/vendor/github.com/gin-gonic/gin/recovery.go:102
github.com/gin-gonic/gin.(*Context).Next
	/home/bobur/GolandProjects/ResumeGenerator/vendor/github.com/gin-gonic/gin/context.go:185
github.com/gin-gonic/gin.LoggerWithConfig.func1
	/home/bobur/GolandProjects/ResumeGenerator/vendor/github.com/gin-gonic/gin/logger.go:249
github.com/gin-gonic/gin.(*Context).Next
	/home/bobur/GolandProjects/ResumeGenerator/vendor/github.com/gin-gonic/gin/context.go:185
github.com/gin-gonic/gin.(*Engine).handleHTTPRequest
	/home/bobur/GolandProjects/ResumeGenerator/vendor/github.com/gin-gonic/gin/gin.go:633
github.com/gin-gonic/gin.(*Engine).ServeHTTP
	/home/bobur/GolandProjects/ResumeGenerator/vendor/github.com/gin-gonic/gin/gin.go:589
net/http.serverHandler.ServeHTTP
	/home/bobur/go/pkg/mod/golang.org/toolchain@v0.0.1-go1.22.3.linux-amd64/src/net/http/server.go:3137
net/http.(*conn).serve
	/home/bobur/go/pkg/mod/golang.org/toolchain@v0.0.1-go1.22.3.linux-amd64/src/net/http/server.go:2039
2024-06-26T15:36:59.656+0500	INFO	app/main.go:39	api gateway service stops
2024-06-26T15:36:59.657+0500	ERROR	app/main.go:30	app run	{"error": "http: Server closed"}
main.main.func1
	/home/bobur/GolandProjects/ResumeGenerator/cmd/app/main.go:30
2024-06-26T15:40:16.215+0500	INFO	app/main.go:28	Listen: 	{"address": "localhost:9050"}
2024-06-26T15:41:16.523+0500	INFO	app/main.go:39	api gateway service stops
2024-06-26T15:41:16.524+0500	ERROR	app/main.go:30	app run	{"error": "http: Server closed"}
main.main.func1
	/home/bobur/GolandProjects/ResumeGenerator/cmd/app/main.go:30
2024-06-26T15:43:27.976+0500	INFO	app/main.go:28	Listen: 	{"address": "localhost:9050"}
2024-06-26T15:45:03.242+0500	INFO	app/main.go:39	api gateway service stops
2024-06-26T15:45:03.242+0500	ERROR	app/main.go:30	app run	{"error": "http: Server closed"}
main.main.func1
	/home/bobur/GolandProjects/ResumeGenerator/cmd/app/main.go:30
2024-06-26T15:45:09.991+0500	INFO	app/main.go:28	Listen: 	{"address": "localhost:9050"}
2024-06-26T15:46:18.607+0500	INFO	app/main.go:39	api gateway service stops
2024-06-26T15:46:18.608+0500	ERROR	app/main.go:30	app run	{"error": "http: Server closed"}
main.main.func1
	/home/bobur/GolandProjects/ResumeGenerator/cmd/app/main.go:30
2024-06-26T15:46:21.811+0500	INFO	app/main.go:28	Listen: 	{"address": "localhost:9050"}
2024-06-26T15:47:16.231+0500	INFO	app/main.go:39	api gateway service stops
2024-06-26T15:47:16.232+0500	ERROR	app/main.go:30	app run	{"error": "http: Server closed"}
main.main.func1
	/home/bobur/GolandProjects/ResumeGenerator/cmd/app/main.go:30
2024-06-26T15:47:17.724+0500	INFO	app/main.go:28	Listen: 	{"address": "localhost:9050"}
2024-06-26T15:48:16.243+0500	INFO	app/main.go:39	api gateway service stops
2024-06-26T15:48:16.243+0500	ERROR	app/main.go:30	app run	{"error": "http: Server closed"}
main.main.func1
	/home/bobur/GolandProjects/ResumeGenerator/cmd/app/main.go:30
2024-06-26T15:48:20.281+0500	INFO	app/main.go:28	Listen: 	{"address": "localhost:9050"}
2024-06-26T15:49:29.057+0500	INFO	app/main.go:28	Listen: 	{"address": "localhost:9050"}
2024-06-26T15:50:39.581+0500	INFO	app/main.go:39	api gateway service stops
2024-06-26T15:50:39.582+0500	ERROR	app/main.go:30	app run	{"error": "http: Server closed"}
main.main.func1
	/home/bobur/GolandProjects/ResumeGenerator/cmd/app/main.go:30
2024-06-26T15:50:40.436+0500	INFO	app/main.go:28	Listen: 	{"address": "localhost:9050"}
2024-06-26T15:50:52.568+0500	INFO	app/main.go:39	api gateway service stops
2024-06-26T15:50:52.569+0500	ERROR	app/main.go:30	app run	{"error": "http: Server closed"}
main.main.func1
	/home/bobur/GolandProjects/ResumeGenerator/cmd/app/main.go:30
2024-06-26T17:55:35.253+0500	INFO	app/main.go:28	Listen: 	{"address": "localhost:9050"}
2024-06-26T18:21:16.994+0500	INFO	app/main.go:39	api gateway service stops
2024-06-26T18:21:16.995+0500	ERROR	app/main.go:30	app run	{"error": "http: Server closed"}
main.main.func1
	/home/bobur/GolandProjects/ResumeGenerator/cmd/app/main.go:30
2024-06-26T18:21:28.881+0500	INFO	app/main.go:28	Listen: 	{"address": "localhost:9050"}
2024-06-26T18:22:06.335+0500	INFO	app/main.go:39	api gateway service stops
2024-06-26T18:22:06.335+0500	ERROR	app/main.go:30	app run	{"error": "http: Server closed"}
main.main.func1
	/home/bobur/GolandProjects/ResumeGenerator/cmd/app/main.go:30
2024-06-26T18:22:08.593+0500	INFO	app/main.go:28	Listen: 	{"address": "localhost:9050"}
2024-06-26T18:22:09.346+0500	INFO	app/main.go:39	api gateway service stops
2024-06-26T18:22:09.346+0500	ERROR	app/main.go:30	app run	{"error": "http: Server closed"}
main.main.func1
	/home/bobur/GolandProjects/ResumeGenerator/cmd/app/main.go:30
2024-06-26T18:22:21.621+0500	INFO	app/main.go:28	Listen: 	{"address": "localhost:9050"}
2024-06-26T18:27:46.837+0500	INFO	app/main.go:39	api gateway service stops
2024-06-26T18:27:46.838+0500	ERROR	app/main.go:30	app run	{"error": "http: Server closed"}
main.main.func1
	/home/bobur/GolandProjects/ResumeGenerator/cmd/app/main.go:30
